Analysis & Synthesis report for VeoPixels
Wed Dec 28 20:04:07 2022
Quartus Prime Version 21.1.0 Build 842 10/21/2021 SJ Lite Edition


---------------------
; Table of Contents ;
---------------------
  1. Legal Notice
  2. Analysis & Synthesis Summary
  3. Analysis & Synthesis Settings
  4. Parallel Compilation
  5. Analysis & Synthesis Source Files Read
  6. Analysis & Synthesis Resource Usage Summary
  7. Analysis & Synthesis Resource Utilization by Entity
  8. Registers Removed During Synthesis
  9. General Register Statistics
 10. Inverted Register Statistics
 11. Parameter Settings for User Entity Instance: MultipleLEDEncoder:S
 12. Port Connectivity Checks: "MultipleLEDEncoder:S"
 13. Post-Synthesis Netlist Statistics for Top Partition
 14. Elapsed Time Per Partition
 15. Analysis & Synthesis Messages



----------------
; Legal Notice ;
----------------
Copyright (C) 2021  Intel Corporation. All rights reserved.
Your use of Intel Corporation's design tools, logic functions 
and other software and tools, and any partner logic 
functions, and any output files from any of the foregoing 
(including device programming or simulation files), and any 
associated documentation or information are expressly subject 
to the terms and conditions of the Intel Program License 
Subscription Agreement, the Intel Quartus Prime License Agreement,
the Intel FPGA IP License Agreement, or other applicable license
agreement, including, without limitation, that your use is for
the sole purpose of programming logic devices manufactured by
Intel and sold by Intel or its authorized distributors.  Please
refer to the applicable agreement for further details, at
https://fpgasoftware.intel.com/eula.



+----------------------------------------------------------------------------------+
; Analysis & Synthesis Summary                                                     ;
+------------------------------------+---------------------------------------------+
; Analysis & Synthesis Status        ; Successful - Wed Dec 28 20:04:07 2022       ;
; Quartus Prime Version              ; 21.1.0 Build 842 10/21/2021 SJ Lite Edition ;
; Revision Name                      ; VeoPixels                                   ;
; Top-level Entity Name              ; Tester                                      ;
; Family                             ; MAX 10                                      ;
; Total logic elements               ; 85                                          ;
;     Total combinational functions  ; 85                                          ;
;     Dedicated logic registers      ; 55                                          ;
; Total registers                    ; 55                                          ;
; Total pins                         ; 2                                           ;
; Total virtual pins                 ; 0                                           ;
; Total memory bits                  ; 0                                           ;
; Embedded Multiplier 9-bit elements ; 0                                           ;
; Total PLLs                         ; 0                                           ;
; UFM blocks                         ; 0                                           ;
; ADC blocks                         ; 0                                           ;
+------------------------------------+---------------------------------------------+


+------------------------------------------------------------------------------------------------------------+
; Analysis & Synthesis Settings                                                                              ;
+------------------------------------------------------------------+--------------------+--------------------+
; Option                                                           ; Setting            ; Default Value      ;
+------------------------------------------------------------------+--------------------+--------------------+
; Device                                                           ; 10M50DAF484C7G     ;                    ;
; Top-level entity name                                            ; Tester             ; VeoPixels          ;
; Family name                                                      ; MAX 10             ; Cyclone V          ;
; Use smart compilation                                            ; Off                ; Off                ;
; Enable parallel Assembler and Timing Analyzer during compilation ; On                 ; On                 ;
; Enable compact report table                                      ; Off                ; Off                ;
; Restructure Multiplexers                                         ; Auto               ; Auto               ;
; Create Debugging Nodes for IP Cores                              ; Off                ; Off                ;
; Preserve fewer node names                                        ; On                 ; On                 ;
; Intel FPGA IP Evaluation Mode                                    ; Enable             ; Enable             ;
; Verilog Version                                                  ; Verilog_2001       ; Verilog_2001       ;
; VHDL Version                                                     ; VHDL_1993          ; VHDL_1993          ;
; State Machine Processing                                         ; Auto               ; Auto               ;
; Safe State Machine                                               ; Off                ; Off                ;
; Extract Verilog State Machines                                   ; On                 ; On                 ;
; Extract VHDL State Machines                                      ; On                 ; On                 ;
; Ignore Verilog initial constructs                                ; Off                ; Off                ;
; Iteration limit for constant Verilog loops                       ; 5000               ; 5000               ;
; Iteration limit for non-constant Verilog loops                   ; 250                ; 250                ;
; Add Pass-Through Logic to Inferred RAMs                          ; On                 ; On                 ;
; Infer RAMs from Raw Logic                                        ; On                 ; On                 ;
; Parallel Synthesis                                               ; On                 ; On                 ;
; DSP Block Balancing                                              ; Auto               ; Auto               ;
; NOT Gate Push-Back                                               ; On                 ; On                 ;
; Power-Up Don't Care                                              ; On                 ; On                 ;
; Remove Redundant Logic Cells                                     ; Off                ; Off                ;
; Remove Duplicate Registers                                       ; On                 ; On                 ;
; Ignore CARRY Buffers                                             ; Off                ; Off                ;
; Ignore CASCADE Buffers                                           ; Off                ; Off                ;
; Ignore GLOBAL Buffers                                            ; Off                ; Off                ;
; Ignore ROW GLOBAL Buffers                                        ; Off                ; Off                ;
; Ignore LCELL Buffers                                             ; Off                ; Off                ;
; Ignore SOFT Buffers                                              ; On                 ; On                 ;
; Limit AHDL Integers to 32 Bits                                   ; Off                ; Off                ;
; Optimization Technique                                           ; Balanced           ; Balanced           ;
; Carry Chain Length                                               ; 70                 ; 70                 ;
; Auto Carry Chains                                                ; On                 ; On                 ;
; Auto Open-Drain Pins                                             ; On                 ; On                 ;
; Perform WYSIWYG Primitive Resynthesis                            ; Off                ; Off                ;
; Auto ROM Replacement                                             ; On                 ; On                 ;
; Auto RAM Replacement                                             ; On                 ; On                 ;
; Auto DSP Block Replacement                                       ; On                 ; On                 ;
; Auto Shift Register Replacement                                  ; Auto               ; Auto               ;
; Allow Shift Register Merging across Hierarchies                  ; Auto               ; Auto               ;
; Auto Clock Enable Replacement                                    ; On                 ; On                 ;
; Strict RAM Replacement                                           ; Off                ; Off                ;
; Allow Synchronous Control Signals                                ; On                 ; On                 ;
; Force Use of Synchronous Clear Signals                           ; Off                ; Off                ;
; Auto RAM Block Balancing                                         ; On                 ; On                 ;
; Auto RAM to Logic Cell Conversion                                ; Off                ; Off                ;
; Auto Resource Sharing                                            ; Off                ; Off                ;
; Allow Any RAM Size For Recognition                               ; Off                ; Off                ;
; Allow Any ROM Size For Recognition                               ; Off                ; Off                ;
; Allow Any Shift Register Size For Recognition                    ; Off                ; Off                ;
; Use LogicLock Constraints during Resource Balancing              ; On                 ; On                 ;
; Ignore translate_off and synthesis_off directives                ; Off                ; Off                ;
; Timing-Driven Synthesis                                          ; On                 ; On                 ;
; Report Parameter Settings                                        ; On                 ; On                 ;
; Report Source Assignments                                        ; On                 ; On                 ;
; Report Connectivity Checks                                       ; On                 ; On                 ;
; Ignore Maximum Fan-Out Assignments                               ; Off                ; Off                ;
; Synchronization Register Chain Length                            ; 2                  ; 2                  ;
; Power Optimization During Synthesis                              ; Normal compilation ; Normal compilation ;
; HDL message level                                                ; Level2             ; Level2             ;
; Suppress Register Optimization Related Messages                  ; Off                ; Off                ;
; Number of Removed Registers Reported in Synthesis Report         ; 5000               ; 5000               ;
; Number of Swept Nodes Reported in Synthesis Report               ; 5000               ; 5000               ;
; Number of Inverted Registers Reported in Synthesis Report        ; 100                ; 100                ;
; Clock MUX Protection                                             ; On                 ; On                 ;
; Auto Gated Clock Conversion                                      ; Off                ; Off                ;
; Block Design Naming                                              ; Auto               ; Auto               ;
; SDC constraint protection                                        ; Off                ; Off                ;
; Synthesis Effort                                                 ; Auto               ; Auto               ;
; Shift Register Replacement - Allow Asynchronous Clear Signal     ; On                 ; On                 ;
; Pre-Mapping Resynthesis Optimization                             ; Off                ; Off                ;
; Analysis & Synthesis Message Level                               ; Medium             ; Medium             ;
; Disable Register Merging Across Hierarchies                      ; Auto               ; Auto               ;
; Resource Aware Inference For Block RAM                           ; On                 ; On                 ;
+------------------------------------------------------------------+--------------------+--------------------+


+------------------------------------------+
; Parallel Compilation                     ;
+----------------------------+-------------+
; Processors                 ; Number      ;
+----------------------------+-------------+
; Number detected on machine ; 8           ;
; Maximum allowed            ; 4           ;
;                            ;             ;
; Average used               ; 1.00        ;
; Maximum used               ; 4           ;
;                            ;             ;
; Usage by Processor         ; % Time Used ;
;     Processor 1            ; 100.0%      ;
;     Processors 2-4         ;   0.0%      ;
+----------------------------+-------------+


+----------------------------------------------------------------------------------------------------------------------------------------------------------------+
; Analysis & Synthesis Source Files Read                                                                                                                         ;
+----------------------------------+-----------------+------------------------------+------------------------------------------------------------------+---------+
; File Name with User-Entered Path ; Used in Netlist ; File Type                    ; File Name with Absolute Path                                     ; Library ;
+----------------------------------+-----------------+------------------------------+------------------------------------------------------------------+---------+
; Tester.sv                        ; yes             ; User SystemVerilog HDL File  ; C:/Users/sanji/Documents/GitHub/VeoPixels/Tester.sv              ;         ;
; SingleLEDEncoder.sv              ; yes             ; User SystemVerilog HDL File  ; C:/Users/sanji/Documents/GitHub/VeoPixels/SingleLEDEncoder.sv    ;         ;
; SingleBinaryEncoder.sv           ; yes             ; User SystemVerilog HDL File  ; C:/Users/sanji/Documents/GitHub/VeoPixels/SingleBinaryEncoder.sv ;         ;
; MultipleLEDEncoder.sv            ; yes             ; User SystemVerilog HDL File  ; C:/Users/sanji/Documents/GitHub/VeoPixels/MultipleLEDEncoder.sv  ;         ;
+----------------------------------+-----------------+------------------------------+------------------------------------------------------------------+---------+


+---------------------------------------------------------------------------------------------------+
; Analysis & Synthesis Resource Usage Summary                                                       ;
+---------------------------------------------+-----------------------------------------------------+
; Resource                                    ; Usage                                               ;
+---------------------------------------------+-----------------------------------------------------+
; Estimated Total logic elements              ; 85                                                  ;
;                                             ;                                                     ;
; Total combinational functions               ; 85                                                  ;
; Logic element usage by number of LUT inputs ;                                                     ;
;     -- 4 input functions                    ; 31                                                  ;
;     -- 3 input functions                    ; 11                                                  ;
;     -- <=2 input functions                  ; 43                                                  ;
;                                             ;                                                     ;
; Logic elements by mode                      ;                                                     ;
;     -- normal mode                          ; 48                                                  ;
;     -- arithmetic mode                      ; 37                                                  ;
;                                             ;                                                     ;
; Total registers                             ; 55                                                  ;
;     -- Dedicated logic registers            ; 55                                                  ;
;     -- I/O registers                        ; 0                                                   ;
;                                             ;                                                     ;
; I/O pins                                    ; 2                                                   ;
;                                             ;                                                     ;
; Embedded Multiplier 9-bit elements          ; 0                                                   ;
;                                             ;                                                     ;
; Maximum fan-out node                        ; MultipleLEDEncoder:S|SingleLEDEncoder:SLE|clock1220 ;
; Maximum fan-out                             ; 32                                                  ;
; Total fan-out                               ; 375                                                 ;
; Average fan-out                             ; 2.60                                                ;
+---------------------------------------------+-----------------------------------------------------+


+----------------------------------------------------------------------------------------------------------------------------------------------------------------------------------------------------------------------------------------------------------------------------------------------------------+
; Analysis & Synthesis Resource Utilization by Entity                                                                                                                                                                                                                                                      ;
+------------------------------------+---------------------+---------------------------+-------------+------------+--------------+---------+-----------+------+--------------+------------+---------------------------------------------------------------------------+---------------------+--------------+
; Compilation Hierarchy Node         ; Combinational ALUTs ; Dedicated Logic Registers ; Memory Bits ; UFM Blocks ; DSP Elements ; DSP 9x9 ; DSP 18x18 ; Pins ; Virtual Pins ; ADC blocks ; Full Hierarchy Name                                                       ; Entity Name         ; Library Name ;
+------------------------------------+---------------------+---------------------------+-------------+------------+--------------+---------+-----------+------+--------------+------------+---------------------------------------------------------------------------+---------------------+--------------+
; |Tester                            ; 85 (0)              ; 55 (0)                    ; 0           ; 0          ; 0            ; 0       ; 0         ; 2    ; 0            ; 0          ; |Tester                                                                   ; Tester              ; work         ;
;    |MultipleLEDEncoder:S|          ; 85 (21)             ; 55 (14)                   ; 0           ; 0          ; 0            ; 0       ; 0         ; 0    ; 0            ; 0          ; |Tester|MultipleLEDEncoder:S                                              ; MultipleLEDEncoder  ; work         ;
;       |SingleLEDEncoder:SLE|       ; 64 (49)             ; 41 (33)                   ; 0           ; 0          ; 0            ; 0       ; 0         ; 0    ; 0            ; 0          ; |Tester|MultipleLEDEncoder:S|SingleLEDEncoder:SLE                         ; SingleLEDEncoder    ; work         ;
;          |SingleBinaryEncoder:SBE| ; 15 (15)             ; 8 (8)                     ; 0           ; 0          ; 0            ; 0       ; 0         ; 0    ; 0            ; 0          ; |Tester|MultipleLEDEncoder:S|SingleLEDEncoder:SLE|SingleBinaryEncoder:SBE ; SingleBinaryEncoder ; work         ;
+------------------------------------+---------------------+---------------------------+-------------+------------+--------------+---------+-----------+------+--------------+------------+---------------------------------------------------------------------------+---------------------+--------------+
Note: For table entries with two numbers listed, the numbers in parentheses indicate the number of resources of the given type used by the specific entity alone. The numbers listed outside of parentheses indicate the total resources of the given type used by the specific entity and all of its sub-entities in the hierarchy.


+--------------------------------------------------------------------------------------------------------------------------------------+
; Registers Removed During Synthesis                                                                                                   ;
+--------------------------------------------------------------------------------+-----------------------------------------------------+
; Register name                                                                  ; Reason for Removal                                  ;
+--------------------------------------------------------------------------------+-----------------------------------------------------+
; MultipleLEDEncoder:S|SingleLEDEncoder:SLE|SingleBinaryEncoder:SBE|clk_count[0] ; Stuck at GND due to stuck port data_in              ;
; MultipleLEDEncoder:S|uncoded_24_bit[1..7]                                      ; Merged with MultipleLEDEncoder:S|uncoded_24_bit[0]  ;
; MultipleLEDEncoder:S|uncoded_24_bit[9..15]                                     ; Merged with MultipleLEDEncoder:S|uncoded_24_bit[8]  ;
; MultipleLEDEncoder:S|uncoded_24_bit[17..23]                                    ; Merged with MultipleLEDEncoder:S|uncoded_24_bit[16] ;
; Total Number of Removed Registers = 22                                         ;                                                     ;
+--------------------------------------------------------------------------------+-----------------------------------------------------+


+------------------------------------------------------+
; General Register Statistics                          ;
+----------------------------------------------+-------+
; Statistic                                    ; Value ;
+----------------------------------------------+-------+
; Total registers                              ; 55    ;
; Number of registers using Synchronous Clear  ; 0     ;
; Number of registers using Synchronous Load   ; 1     ;
; Number of registers using Asynchronous Clear ; 0     ;
; Number of registers using Asynchronous Load  ; 0     ;
; Number of registers using Clock Enable       ; 27    ;
; Number of registers using Preset             ; 0     ;
+----------------------------------------------+-------+


+--------------------------------------------------------------------------------+
; Inverted Register Statistics                                                   ;
+----------------------------------------------------------------------+---------+
; Inverted Register                                                    ; Fan out ;
+----------------------------------------------------------------------+---------+
; MultipleLEDEncoder:S|SingleLEDEncoder:SLE|SingleBinaryEncoder:SBE|DO ; 1       ;
; MultipleLEDEncoder:S|SingleLEDEncoder:SLE|clock1220_counter[2]       ; 2       ;
; MultipleLEDEncoder:S|SingleLEDEncoder:SLE|clock1220_counter[3]       ; 2       ;
; MultipleLEDEncoder:S|SingleLEDEncoder:SLE|clock1220_counter[4]       ; 7       ;
; MultipleLEDEncoder:S|SingleLEDEncoder:SLE|clock1220_counter[5]       ; 7       ;
; MultipleLEDEncoder:S|clock29280_counter[0]                           ; 2       ;
; MultipleLEDEncoder:S|clock29280_counter[1]                           ; 2       ;
; MultipleLEDEncoder:S|clock29280_counter[2]                           ; 2       ;
; MultipleLEDEncoder:S|clock29280_counter[4]                           ; 4       ;
; Total number of inverted registers = 9                               ;         ;
+----------------------------------------------------------------------+---------+


+-------------------------------------------------------------------+
; Parameter Settings for User Entity Instance: MultipleLEDEncoder:S ;
+----------------+-------+------------------------------------------+
; Parameter Name ; Value ; Type                                     ;
+----------------+-------+------------------------------------------+
; LENGTH         ; 4     ; Signed Integer                           ;
+----------------+-------+------------------------------------------+
Note: In order to hide this table in the UI and the text report file, please set the "Show Parameter Settings in Synthesis Report" option in "Analysis and Synthesis Settings -> More Settings" to "Off".


+--------------------------------------------------------------------------------------------------------------------------+
; Port Connectivity Checks: "MultipleLEDEncoder:S"                                                                         ;
+----------------+--------+----------+-------------------------------------------------------------------------------------+
; Port           ; Type   ; Severity ; Details                                                                             ;
+----------------+--------+----------+-------------------------------------------------------------------------------------+
; strip[95..72]  ; Input  ; Info     ; Stuck at VCC                                                                        ;
; strip[55..48]  ; Input  ; Info     ; Stuck at VCC                                                                        ;
; strip[39..32]  ; Input  ; Info     ; Stuck at VCC                                                                        ;
; strip[23..16]  ; Input  ; Info     ; Stuck at VCC                                                                        ;
; strip[71..56]  ; Input  ; Info     ; Stuck at GND                                                                        ;
; strip[47..40]  ; Input  ; Info     ; Stuck at GND                                                                        ;
; strip[31..24]  ; Input  ; Info     ; Stuck at GND                                                                        ;
; strip[15..0]   ; Input  ; Info     ; Stuck at GND                                                                        ;
; clock1220      ; Output ; Info     ; Connected to dangling logic. Logic that only feeds a dangling port will be removed. ;
; clock29280     ; Output ; Info     ; Connected to dangling logic. Logic that only feeds a dangling port will be removed. ;
; sending_data   ; Output ; Info     ; Connected to dangling logic. Logic that only feeds a dangling port will be removed. ;
; uncoded_24_bit ; Output ; Info     ; Connected to dangling logic. Logic that only feeds a dangling port will be removed. ;
; binary         ; Output ; Info     ; Connected to dangling logic. Logic that only feeds a dangling port will be removed. ;
+----------------+--------+----------+-------------------------------------------------------------------------------------+


+-----------------------------------------------------+
; Post-Synthesis Netlist Statistics for Top Partition ;
+-----------------------+-----------------------------+
; Type                  ; Count                       ;
+-----------------------+-----------------------------+
; boundary_port         ; 2                           ;
; cycloneiii_ff         ; 55                          ;
;     ENA               ; 27                          ;
;     SLD               ; 1                           ;
;     plain             ; 27                          ;
; cycloneiii_lcell_comb ; 86                          ;
;     arith             ; 37                          ;
;         2 data inputs ; 32                          ;
;         3 data inputs ; 5                           ;
;     normal            ; 49                          ;
;         1 data inputs ; 10                          ;
;         2 data inputs ; 2                           ;
;         3 data inputs ; 6                           ;
;         4 data inputs ; 31                          ;
;                       ;                             ;
; Max LUT depth         ; 4.00                        ;
; Average LUT depth     ; 2.49                        ;
+-----------------------+-----------------------------+


+-------------------------------+
; Elapsed Time Per Partition    ;
+----------------+--------------+
; Partition Name ; Elapsed Time ;
+----------------+--------------+
; Top            ; 00:00:00     ;
+----------------+--------------+


+-------------------------------+
; Analysis & Synthesis Messages ;
+-------------------------------+
Info: *******************************************************************
Info: Running Quartus Prime Analysis & Synthesis
    Info: Version 21.1.0 Build 842 10/21/2021 SJ Lite Edition
    Info: Processing started: Wed Dec 28 20:03:56 2022
Info: Command: quartus_map --read_settings_files=on --write_settings_files=off VeoPixels -c VeoPixels
Warning (18236): Number of processors has not been specified which may cause overloading on shared machines.  Set the global assignment NUM_PARALLEL_PROCESSORS in your QSF to an appropriate value for best performance.
Info (20030): Parallel compilation is enabled and will use 4 of the 4 processors detected
Info (12021): Found 1 design units, including 1 entities, in source file tester.sv
    Info (12023): Found entity 1: Tester File: C:/Users/sanji/Documents/GitHub/VeoPixels/Tester.sv Line: 5
Info (12021): Found 1 design units, including 1 entities, in source file tb_tester.sv
    Info (12023): Found entity 1: tb_tester File: C:/Users/sanji/Documents/GitHub/VeoPixels/tb_tester.sv Line: 3
Info (12021): Found 1 design units, including 1 entities, in source file singleledencoder.sv
    Info (12023): Found entity 1: SingleLEDEncoder File: C:/Users/sanji/Documents/GitHub/VeoPixels/SingleLEDEncoder.sv Line: 3
Info (12021): Found 1 design units, including 1 entities, in source file singlebinaryencoder.sv
    Info (12023): Found entity 1: SingleBinaryEncoder File: C:/Users/sanji/Documents/GitHub/VeoPixels/SingleBinaryEncoder.sv Line: 4
Info (12021): Found 1 design units, including 1 entities, in source file multipleledencoder.sv
    Info (12023): Found entity 1: MultipleLEDEncoder File: C:/Users/sanji/Documents/GitHub/VeoPixels/MultipleLEDEncoder.sv Line: 1
Info (12021): Found 0 design units, including 0 entities, in source file veopixels.sv
Warning (10222): Verilog HDL Parameter Declaration warning at MultipleLEDEncoder.sv(32): Parameter Declaration in module "MultipleLEDEncoder" behaves as a Local Parameter Declaration because the module has a Module Parameter Port List File: C:/Users/sanji/Documents/GitHub/VeoPixels/MultipleLEDEncoder.sv Line: 32
Info (12127): Elaborating entity "Tester" for the top level hierarchy
Warning (10036): Verilog HDL or VHDL warning at Tester.sv(15): object "clock1220_counter" assigned a value but never read File: C:/Users/sanji/Documents/GitHub/VeoPixels/Tester.sv Line: 15
Warning (10036): Verilog HDL or VHDL warning at Tester.sv(17): object "binary_output" assigned a value but never read File: C:/Users/sanji/Documents/GitHub/VeoPixels/Tester.sv Line: 17
Info (12128): Elaborating entity "MultipleLEDEncoder" for hierarchy "MultipleLEDEncoder:S" File: C:/Users/sanji/Documents/GitHub/VeoPixels/Tester.sv Line: 66
Warning (10230): Verilog HDL assignment warning at MultipleLEDEncoder.sv(20): truncated value with size 32 to match size of target (5) File: C:/Users/sanji/Documents/GitHub/VeoPixels/MultipleLEDEncoder.sv Line: 20
Warning (10230): Verilog HDL assignment warning at MultipleLEDEncoder.sv(47): truncated value with size 32 to match size of target (4) File: C:/Users/sanji/Documents/GitHub/VeoPixels/MultipleLEDEncoder.sv Line: 47
Warning (10230): Verilog HDL assignment warning at MultipleLEDEncoder.sv(51): truncated value with size 32 to match size of target (4) File: C:/Users/sanji/Documents/GitHub/VeoPixels/MultipleLEDEncoder.sv Line: 51
Info (12128): Elaborating entity "SingleLEDEncoder" for hierarchy "MultipleLEDEncoder:S|SingleLEDEncoder:SLE" File: C:/Users/sanji/Documents/GitHub/VeoPixels/MultipleLEDEncoder.sv Line: 59
Warning (10230): Verilog HDL assignment warning at SingleLEDEncoder.sv(18): truncated value with size 32 to match size of target (6) File: C:/Users/sanji/Documents/GitHub/VeoPixels/SingleLEDEncoder.sv Line: 18
Warning (10230): Verilog HDL assignment warning at SingleLEDEncoder.sv(35): truncated value with size 32 to match size of target (24) File: C:/Users/sanji/Documents/GitHub/VeoPixels/SingleLEDEncoder.sv Line: 35
Info (12128): Elaborating entity "SingleBinaryEncoder" for hierarchy "MultipleLEDEncoder:S|SingleLEDEncoder:SLE|SingleBinaryEncoder:SBE" File: C:/Users/sanji/Documents/GitHub/VeoPixels/SingleLEDEncoder.sv Line: 45
Warning (10230): Verilog HDL assignment warning at SingleBinaryEncoder.sv(40): truncated value with size 32 to match size of target (8) File: C:/Users/sanji/Documents/GitHub/VeoPixels/SingleBinaryEncoder.sv Line: 40
Info (286030): Timing-Driven Synthesis is running
Info (16010): Generating hard_block partition "hard_block:auto_generated_inst"
    Info (16011): Adding 0 node(s), including 0 DDIO, 0 PLL, 0 transceiver and 0 LCELL
Info (21057): Implemented 87 device resources after synthesis - the final resource count might be different
    Info (21058): Implemented 1 input pins
    Info (21059): Implemented 1 output pins
    Info (21061): Implemented 85 logic cells
Info: Quartus Prime Analysis & Synthesis was successful. 0 errors, 10 warnings
    Info: Peak virtual memory: 4774 megabytes
    Info: Processing ended: Wed Dec 28 20:04:07 2022
    Info: Elapsed time: 00:00:11
    Info: Total CPU time (on all processors): 00:00:09


